#
# There is insufficient memory for the Java Runtime Environment to continue.
# Native memory allocation (mmap) failed to map 100663296 bytes for G1 virtual space
# Possible reasons:
#   The system is out of physical RAM or swap space
#   The process is running with CompressedOops enabled, and the Java Heap may be blocking the growth of the native heap
# Possible solutions:
#   Reduce memory load on the system
#   Increase physical memory or swap space
#   Check if swap backing store is full
#   Decrease Java heap size (-Xmx/-Xms)
#   Decrease number of Java threads
#   Decrease Java thread stack sizes (-Xss)
#   Set larger code cache with -XX:ReservedCodeCacheSize=
#   JVM is running with Unscaled Compressed Oops mode in which the Java heap is
#     placed in the first 4GB address space. The Java Heap base address is the
#     maximum limit for the native heap growth. Please use -XX:HeapBaseMinAddress
#     to set the Java Heap base and to place the Java Heap above 4GB virtual address.
# This output file may be truncated or incomplete.
#
#  Out of Memory Error (os_windows.cpp:3825), pid=4712, tid=15268
#
# JRE version: OpenJDK Runtime Environment (17.0.9) (build 17.0.9+0--11185874)
# Java VM: OpenJDK 64-Bit Server VM (17.0.9+0--11185874, mixed mode, tiered, compressed oops, compressed class ptrs, g1 gc, windows-amd64)
# No core dump will be written. Minidumps are not enabled by default on client versions of Windows
#

---------------  S U M M A R Y ------------

Command Line: org.jetbrains.kotlin.cli.jvm.K2JVMCompiler @C:\Users\ASUS\AndroidStudioProjects\NewsApp\app\build\20240325_9209595270783905336.compiler.options

Host: Intel(R) Core(TM) i3-10110U CPU @ 2.10GHz, 4 cores, 3G,  Windows 11 , 64 bit Build 22621 (10.0.22621.3085)
Time: Mon Mar 25 23:56:03 2024 India Standard Time elapsed time: 18.431105 seconds (0d 0h 0m 18s)

---------------  T H R E A D  ---------------

Current thread (0x0000016d0401dd60):  VMThread "VM Thread" [stack: 0x00000027aa900000,0x00000027aaa00000] [id=15268]

Stack: [0x00000027aa900000,0x00000027aaa00000]
Native frames: (J=compiled Java code, j=interpreted, Vv=VM code, C=native code)
V  [jvm.dll+0x6886e9]
V  [jvm.dll+0x841e4a]
V  [jvm.dll+0x843a8e]
V  [jvm.dll+0x8440f3]
V  [jvm.dll+0x24c14f]
V  [jvm.dll+0x685499]
V  [jvm.dll+0x679c2a]
V  [jvm.dll+0x30cf9b]
V  [jvm.dll+0x314446]
V  [jvm.dll+0x36425e]
V  [jvm.dll+0x36448f]
V  [jvm.dll+0x2e2d68]
V  [jvm.dll+0x2e0f44]
V  [jvm.dll+0x2e054c]
V  [jvm.dll+0x3253fb]
V  [jvm.dll+0x8487eb]
V  [jvm.dll+0x849531]
V  [jvm.dll+0x849a4d]
V  [jvm.dll+0x849e24]
V  [jvm.dll+0x849ef0]
V  [jvm.dll+0x7f06aa]
V  [jvm.dll+0x687565]
C  [ucrtbase.dll+0x29363]
C  [KERNEL32.DLL+0x1257d]
C  [ntdll.dll+0x5aa58]

VM_Operation (0x00000027aa3fcf40): G1CollectForAllocation, mode: safepoint, requested by thread 0x0000016d6d1fb700


---------------  P R O C E S S  ---------------

Threads class SMR info:
_java_thread_list=0x0000016d0b7e6b70, length=13, elements={
0x0000016d6d1fb700, 0x0000016d040760a0, 0x0000016d040785b0, 0x0000016d043585b0,
0x0000016d04358f70, 0x0000016d04359930, 0x0000016d0435a2f0, 0x0000016d0435b090,
0x0000016d0435bb40, 0x0000016d0435f560, 0x0000016d04478150, 0x0000016d04483aa0,
0x0000016d0b1967d0
}

Java Threads: ( => current thread )
  0x0000016d6d1fb700 JavaThread "main" [_thread_blocked, id=17464, stack(0x00000027aa300000,0x00000027aa400000)]
  0x0000016d040760a0 JavaThread "Reference Handler" daemon [_thread_blocked, id=8744, stack(0x00000027aaa00000,0x00000027aab00000)]
  0x0000016d040785b0 JavaThread "Finalizer" daemon [_thread_blocked, id=11484, stack(0x00000027aab00000,0x00000027aac00000)]
  0x0000016d043585b0 JavaThread "Signal Dispatcher" daemon [_thread_blocked, id=10656, stack(0x00000027aac00000,0x00000027aad00000)]
  0x0000016d04358f70 JavaThread "Attach Listener" daemon [_thread_blocked, id=3692, stack(0x00000027aad00000,0x00000027aae00000)]
  0x0000016d04359930 JavaThread "Service Thread" daemon [_thread_blocked, id=17396, stack(0x00000027aae00000,0x00000027aaf00000)]
  0x0000016d0435a2f0 JavaThread "Monitor Deflation Thread" daemon [_thread_blocked, id=16768, stack(0x00000027aaf00000,0x00000027ab000000)]
  0x0000016d0435b090 JavaThread "C2 CompilerThread0" daemon [_thread_blocked, id=252, stack(0x00000027ab000000,0x00000027ab100000)]
  0x0000016d0435bb40 JavaThread "C1 CompilerThread0" daemon [_thread_blocked, id=17496, stack(0x00000027ab100000,0x00000027ab200000)]
  0x0000016d0435f560 JavaThread "Sweeper thread" daemon [_thread_blocked, id=15684, stack(0x00000027ab200000,0x00000027ab300000)]
  0x0000016d04478150 JavaThread "Notification Thread" daemon [_thread_blocked, id=18084, stack(0x00000027ab300000,0x00000027ab400000)]
  0x0000016d04483aa0 JavaThread "Common-Cleaner" daemon [_thread_blocked, id=11008, stack(0x00000027ab500000,0x00000027ab600000)]
  0x0000016d0b1967d0 JavaThread "C2 CompilerThread1" daemon [_thread_in_native, id=12004, stack(0x00000027abb00000,0x00000027abc00000)]

Other Threads:
=>0x0000016d0401dd60 VMThread "VM Thread" [stack: 0x00000027aa900000,0x00000027aaa00000] [id=15268]
  0x0000016d04478a40 WatcherThread [stack: 0x00000027ab400000,0x00000027ab500000] [id=15780]
  0x0000016d6d2355c0 GCTaskThread "GC Thread#0" [stack: 0x00000027aa400000,0x00000027aa500000] [id=17272]
  0x0000016d04915680 GCTaskThread "GC Thread#1" [stack: 0x00000027ab700000,0x00000027ab800000] [id=14184]
  0x0000016d0493bb80 GCTaskThread "GC Thread#2" [stack: 0x00000027ab800000,0x00000027ab900000] [id=384]
  0x0000016d0493be40 GCTaskThread "GC Thread#3" [stack: 0x00000027ab900000,0x00000027aba00000] [id=6436]
  0x0000016d6d23e090 ConcurrentGCThread "G1 Main Marker" [stack: 0x00000027aa500000,0x00000027aa600000] [id=14176]
  0x0000016d6d23eab0 ConcurrentGCThread "G1 Conc#0" [stack: 0x00000027aa600000,0x00000027aa700000] [id=8132]
  0x0000016d6d284ad0 ConcurrentGCThread "G1 Refine#0" [stack: 0x00000027aa700000,0x00000027aa800000] [id=16192]
  0x0000016d098f4d60 ConcurrentGCThread "G1 Refine#1" [stack: 0x00000027ab600000,0x00000027ab700000] [id=14856]
  0x0000016d09b54d40 ConcurrentGCThread "G1 Refine#2" [stack: 0x00000027aba00000,0x00000027abb00000] [id=18220]
  0x0000016d6d285500 ConcurrentGCThread "G1 Service" [stack: 0x00000027aa800000,0x00000027aa900000] [id=14840]

Threads with active compile tasks:
C1 CompilerThread0    18475 9230       3       org.jetbrains.kotlin.types.checker.ClassicTypeSystemContext$DefaultImpls::isStubType (75 bytes)
C2 CompilerThread1    18475 8971       4       org.jetbrains.kotlin.types.DescriptorSubstitutor::substituteTypeParameters (389 bytes)

VM state: at safepoint (normal execution)

VM Mutex/Monitor currently owned by a thread:  ([mutex/lock_event])
[0x0000016d6d1f6d50] Threads_lock - owner thread: 0x0000016d0401dd60
[0x0000016d6d1f79b0] Heap_lock - owner thread: 0x0000016d6d1fb700

Heap address: 0x00000000c2400000, size: 988 MB, Compressed Oops mode: 32-bit

CDS archive(s) not mapped
Compressed class space mapped at: 0x0000000100000000-0x0000000140000000, reserved size: 1073741824
Narrow klass base: 0x0000000000000000, Narrow klass shift: 3, Narrow klass range: 0x140000000

GC Precious Log:
 CPUs: 4 total, 4 available
 Memory: 3948M
 Large Page Support: Disabled
 NUMA Support: Disabled
 Compressed Oops: Enabled (32-bit)
 Heap Region Size: 1M
 Heap Min Capacity: 8M
 Heap Initial Capacity: 62M
 Heap Max Capacity: 988M
 Pre-touch: Disabled
 Parallel Workers: 4
 Concurrent Workers: 1
 Concurrent Refinement Workers: 4
 Periodic GC: Disabled

Heap:
 garbage-first heap   total 98304K, used 54925K [0x00000000c2400000, 0x0000000100000000)
  region size 1024K, 3 young (3072K), 3 survivors (3072K)
 Metaspace       used 67545K, committed 67840K, reserved 1114112K
  class space    used 7762K, committed 7936K, reserved 1048576K

Heap Regions: E=young(eden), S=young(survivor), O=old, HS=humongous(starts), HC=humongous(continues), CS=collection set, F=free, OA=open archive, CA=closed archive, TAMS=top-at-mark-start (previous, next)
|   0|0x00000000c2400000, 0x00000000c2500000, 0x00000000c2500000|100%|HS|  |TAMS 0x00000000c2500000, 0x00000000c2500000| Complete 
|   1|0x00000000c2500000, 0x00000000c2600000, 0x00000000c2600000|100%|HC|  |TAMS 0x00000000c2600000, 0x00000000c2600000| Complete 
|   2|0x00000000c2600000, 0x00000000c2700000, 0x00000000c2700000|100%|HC|  |TAMS 0x00000000c2700000, 0x00000000c2700000| Complete 
|   3|0x00000000c2700000, 0x00000000c2800000, 0x00000000c2800000|100%|HC|  |TAMS 0x00000000c2800000, 0x00000000c2800000| Complete 
|   4|0x00000000c2800000, 0x00000000c28f2200, 0x00000000c2900000| 94%| O|  |TAMS 0x00000000c28f2200, 0x00000000c28f2200| Untracked 
|   5|0x00000000c2900000, 0x00000000c2a00000, 0x00000000c2a00000|100%| O|  |TAMS 0x00000000c2a00000, 0x00000000c2a00000| Untracked 
|   6|0x00000000c2a00000, 0x00000000c2b00000, 0x00000000c2b00000|100%| O|  |TAMS 0x00000000c2b00000, 0x00000000c2b00000| Untracked 
|   7|0x00000000c2b00000, 0x00000000c2c00000, 0x00000000c2c00000|100%| O|  |TAMS 0x00000000c2c00000, 0x00000000c2c00000| Untracked 
|   8|0x00000000c2c00000, 0x00000000c2d00000, 0x00000000c2d00000|100%| O|  |TAMS 0x00000000c2d00000, 0x00000000c2d00000| Untracked 
|   9|0x00000000c2d00000, 0x00000000c2e00000, 0x00000000c2e00000|100%| O|  |TAMS 0x00000000c2e00000, 0x00000000c2e00000| Untracked 
|  10|0x00000000c2e00000, 0x00000000c2e00000, 0x00000000c2f00000|  0%| F|  |TAMS 0x00000000c2e00000, 0x00000000c2e00000| Untracked 
|  11|0x00000000c2f00000, 0x00000000c3000000, 0x00000000c3000000|100%| O|  |TAMS 0x00000000c3000000, 0x00000000c3000000| Untracked 
|  12|0x00000000c3000000, 0x00000000c3100000, 0x00000000c3100000|100%| O|  |TAMS 0x00000000c3100000, 0x00000000c3100000| Untracked 
|  13|0x00000000c3100000, 0x00000000c3200000, 0x00000000c3200000|100%| O|  |TAMS 0x00000000c3200000, 0x00000000c3200000| Untracked 
|  14|0x00000000c3200000, 0x00000000c3300000, 0x00000000c3300000|100%| O|  |TAMS 0x00000000c3300000, 0x00000000c3300000| Untracked 
|  15|0x00000000c3300000, 0x00000000c3400000, 0x00000000c3400000|100%| O|  |TAMS 0x00000000c3400000, 0x00000000c3400000| Untracked 
|  16|0x00000000c3400000, 0x00000000c3500000, 0x00000000c3500000|100%| O|  |TAMS 0x00000000c3500000, 0x00000000c3500000| Untracked 
|  17|0x00000000c3500000, 0x00000000c3600000, 0x00000000c3600000|100%| O|  |TAMS 0x00000000c3600000, 0x00000000c3600000| Untracked 
|  18|0x00000000c3600000, 0x00000000c3700000, 0x00000000c3700000|100%| O|  |TAMS 0x00000000c3700000, 0x00000000c3700000| Untracked 
|  19|0x00000000c3700000, 0x00000000c3800000, 0x00000000c3800000|100%|HS|  |TAMS 0x00000000c3800000, 0x00000000c3800000| Complete 
|  20|0x00000000c3800000, 0x00000000c3900000, 0x00000000c3900000|100%|HC|  |TAMS 0x00000000c3900000, 0x00000000c3900000| Complete 
|  21|0x00000000c3900000, 0x00000000c3a00000, 0x00000000c3a00000|100%| O|  |TAMS 0x00000000c3a00000, 0x00000000c3a00000| Untracked 
|  22|0x00000000c3a00000, 0x00000000c3b00000, 0x00000000c3b00000|100%| O|  |TAMS 0x00000000c3b00000, 0x00000000c3b00000| Untracked 
|  23|0x00000000c3b00000, 0x00000000c3c00000, 0x00000000c3c00000|100%| O|  |TAMS 0x00000000c3c00000, 0x00000000c3c00000| Untracked 
|  24|0x00000000c3c00000, 0x00000000c3d00000, 0x00000000c3d00000|100%| O|  |TAMS 0x00000000c3d00000, 0x00000000c3d00000| Untracked 
|  25|0x00000000c3d00000, 0x00000000c3e00000, 0x00000000c3e00000|100%| O|  |TAMS 0x00000000c3e00000, 0x00000000c3e00000| Untracked 
|  26|0x00000000c3e00000, 0x00000000c3f00000, 0x00000000c3f00000|100%| O|  |TAMS 0x00000000c3f00000, 0x00000000c3f00000| Untracked 
|  27|0x00000000c3f00000, 0x00000000c4000000, 0x00000000c4000000|100%| O|  |TAMS 0x00000000c4000000, 0x00000000c4000000| Untracked 
|  28|0x00000000c4000000, 0x00000000c4100000, 0x00000000c4100000|100%| O|  |TAMS 0x00000000c4100000, 0x00000000c4100000| Untracked 
|  29|0x00000000c4100000, 0x00000000c4200000, 0x00000000c4200000|100%| O|  |TAMS 0x00000000c4200000, 0x00000000c4200000| Untracked 
|  30|0x00000000c4200000, 0x00000000c4300000, 0x00000000c4300000|100%| O|  |TAMS 0x00000000c4300000, 0x00000000c4300000| Untracked 
|  31|0x00000000c4300000, 0x00000000c4400000, 0x00000000c4400000|100%| O|  |TAMS 0x00000000c4400000, 0x00000000c4400000| Untracked 
|  32|0x00000000c4400000, 0x00000000c4500000, 0x00000000c4500000|100%| O|  |TAMS 0x00000000c4500000, 0x00000000c4500000| Untracked 
|  33|0x00000000c4500000, 0x00000000c4600000, 0x00000000c4600000|100%| O|  |TAMS 0x00000000c4600000, 0x00000000c4600000| Untracked 
|  34|0x00000000c4600000, 0x00000000c4700000, 0x00000000c4700000|100%| O|  |TAMS 0x00000000c4700000, 0x00000000c4700000| Untracked 
|  35|0x00000000c4700000, 0x00000000c4800000, 0x00000000c4800000|100%| O|  |TAMS 0x00000000c4800000, 0x00000000c4800000| Untracked 
|  36|0x00000000c4800000, 0x00000000c4900000, 0x00000000c4900000|100%| O|  |TAMS 0x00000000c4900000, 0x00000000c4900000| Untracked 
|  37|0x00000000c4900000, 0x00000000c4a00000, 0x00000000c4a00000|100%| O|  |TAMS 0x00000000c4a00000, 0x00000000c4a00000| Untracked 
|  38|0x00000000c4a00000, 0x00000000c4b00000, 0x00000000c4b00000|100%| O|  |TAMS 0x00000000c4b00000, 0x00000000c4b00000| Untracked 
|  39|0x00000000c4b00000, 0x00000000c4c00000, 0x00000000c4c00000|100%| O|  |TAMS 0x00000000c4c00000, 0x00000000c4c00000| Untracked 
|  40|0x00000000c4c00000, 0x00000000c4d00000, 0x00000000c4d00000|100%| O|  |TAMS 0x00000000c4d00000, 0x00000000c4d00000| Untracked 
|  41|0x00000000c4d00000, 0x00000000c4e00000, 0x00000000c4e00000|100%| O|  |TAMS 0x00000000c4e00000, 0x00000000c4e00000| Untracked 
|  42|0x00000000c4e00000, 0x00000000c4f00000, 0x00000000c4f00000|100%| O|  |TAMS 0x00000000c4f00000, 0x00000000c4f00000| Untracked 
|  43|0x00000000c4f00000, 0x00000000c5000000, 0x00000000c5000000|100%| O|  |TAMS 0x00000000c4f80000, 0x00000000c5000000| Untracked 
|  44|0x00000000c5000000, 0x00000000c5100000, 0x00000000c5100000|100%| O|  |TAMS 0x00000000c5000000, 0x00000000c5100000| Untracked 
|  45|0x00000000c5100000, 0x00000000c5200000, 0x00000000c5200000|100%| O|  |TAMS 0x00000000c5100000, 0x00000000c5200000| Untracked 
|  46|0x00000000c5200000, 0x00000000c5300000, 0x00000000c5300000|100%| O|  |TAMS 0x00000000c5200000, 0x00000000c5300000| Untracked 
|  47|0x00000000c5300000, 0x00000000c5400000, 0x00000000c5400000|100%| O|  |TAMS 0x00000000c5300000, 0x00000000c5400000| Untracked 
|  48|0x00000000c5400000, 0x00000000c5500000, 0x00000000c5500000|100%| O|  |TAMS 0x00000000c5400000, 0x00000000c5500000| Untracked 
|  49|0x00000000c5500000, 0x00000000c5600000, 0x00000000c5600000|100%| O|  |TAMS 0x00000000c5500000, 0x00000000c5600000| Untracked 
|  50|0x00000000c5600000, 0x00000000c5700000, 0x00000000c5700000|100%| O|  |TAMS 0x00000000c5600000, 0x00000000c5700000| Untracked 
|  51|0x00000000c5700000, 0x00000000c5717000, 0x00000000c5800000|  8%| O|  |TAMS 0x00000000c5700000, 0x00000000c5717000| Untracked 
|  52|0x00000000c5800000, 0x00000000c5800000, 0x00000000c5900000|  0%| F|  |TAMS 0x00000000c5800000, 0x00000000c5800000| Untracked 
|  53|0x00000000c5900000, 0x00000000c5900000, 0x00000000c5a00000|  0%| F|  |TAMS 0x00000000c5900000, 0x00000000c5900000| Untracked 
|  54|0x00000000c5a00000, 0x00000000c5a00000, 0x00000000c5b00000|  0%| F|  |TAMS 0x00000000c5a00000, 0x00000000c5a00000| Untracked 
|  55|0x00000000c5b00000, 0x00000000c5b00000, 0x00000000c5c00000|  0%| F|  |TAMS 0x00000000c5b00000, 0x00000000c5b00000| Untracked 
|  56|0x00000000c5c00000, 0x00000000c5c00000, 0x00000000c5d00000|  0%| F|  |TAMS 0x00000000c5c00000, 0x00000000c5c00000| Untracked 
|  57|0x00000000c5d00000, 0x00000000c5d00000, 0x00000000c5e00000|  0%| F|  |TAMS 0x00000000c5d00000, 0x00000000c5d00000| Untracked 
|  58|0x00000000c5e00000, 0x00000000c5e00000, 0x00000000c5f00000|  0%| F|  |TAMS 0x00000000c5e00000, 0x00000000c5e00000| Untracked 
|  59|0x00000000c5f00000, 0x00000000c5f00000, 0x00000000c6000000|  0%| F|  |TAMS 0x00000000c5f00000, 0x00000000c5f00000| Untracked 
|  60|0x00000000c6000000, 0x00000000c6000000, 0x00000000c6100000|  0%| F|  |TAMS 0x00000000c6000000, 0x00000000c6000000| Untracked 
|  61|0x00000000c6100000, 0x00000000c6100000, 0x00000000c6200000|  0%| F|  |TAMS 0x00000000c6100000, 0x00000000c6100000| Untracked 
|  62|0x00000000c6200000, 0x00000000c6200000, 0x00000000c6300000|  0%| F|  |TAMS 0x00000000c6200000, 0x00000000c6200000| Untracked 
|  63|0x00000000c6300000, 0x00000000c6300000, 0x00000000c6400000|  0%| F|  |TAMS 0x00000000c6300000, 0x00000000c6300000| Untracked 
|  64|0x00000000c6400000, 0x00000000c6400000, 0x00000000c6500000|  0%| F|  |TAMS 0x00000000c6400000, 0x00000000c6400000| Untracked 
|  65|0x00000000c6500000, 0x00000000c6500000, 0x00000000c6600000|  0%| F|  |TAMS 0x00000000c6500000, 0x00000000c6500000| Untracked 
|  66|0x00000000c6600000, 0x00000000c6600000, 0x00000000c6700000|  0%| F|  |TAMS 0x00000000c6600000, 0x00000000c6600000| Untracked 
|  67|0x00000000c6700000, 0x00000000c679a3c0, 0x00000000c6800000| 60%| S|CS|TAMS 0x00000000c6700000, 0x00000000c6700000| Complete 
|  68|0x00000000c6800000, 0x00000000c6900000, 0x00000000c6900000|100%| S|CS|TAMS 0x00000000c6800000, 0x00000000c6800000| Complete 
|  69|0x00000000c6900000, 0x00000000c6a00000, 0x00000000c6a00000|100%| S|CS|TAMS 0x00000000c6900000, 0x00000000c6900000| Complete 
|  70|0x00000000c6a00000, 0x00000000c6a00000, 0x00000000c6b00000|  0%| F|  |TAMS 0x00000000c6a00000, 0x00000000c6a00000| Untracked 
|  71|0x00000000c6b00000, 0x00000000c6b00000, 0x00000000c6c00000|  0%| F|  |TAMS 0x00000000c6b00000, 0x00000000c6b00000| Untracked 
|  72|0x00000000c6c00000, 0x00000000c6c00000, 0x00000000c6d00000|  0%| F|  |TAMS 0x00000000c6c00000, 0x00000000c6c00000| Untracked 
|  73|0x00000000c6d00000, 0x00000000c6d00000, 0x00000000c6e00000|  0%| F|  |TAMS 0x00000000c6d00000, 0x00000000c6d00000| Untracked 
|  74|0x00000000c6e00000, 0x00000000c6e00000, 0x00000000c6f00000|  0%| F|  |TAMS 0x00000000c6e00000, 0x00000000c6e00000| Untracked 
|  75|0x00000000c6f00000, 0x00000000c6f00000, 0x00000000c7000000|  0%| F|  |TAMS 0x00000000c6f00000, 0x00000000c6f00000| Untracked 
|  76|0x00000000c7000000, 0x00000000c7000000, 0x00000000c7100000|  0%| F|  |TAMS 0x00000000c7000000, 0x00000000c7000000| Untracked 
|  77|0x00000000c7100000, 0x00000000c7100000, 0x00000000c7200000|  0%| F|  |TAMS 0x00000000c7100000, 0x00000000c7100000| Untracked 
|  78|0x00000000c7200000, 0x00000000c7200000, 0x00000000c7300000|  0%| F|  |TAMS 0x00000000c7200000, 0x00000000c7200000| Untracked 
|  79|0x00000000c7300000, 0x00000000c7300000, 0x00000000c7400000|  0%| F|  |TAMS 0x00000000c7300000, 0x00000000c7300000| Untracked 
|  80|0x00000000c7400000, 0x00000000c7400000, 0x00000000c7500000|  0%| F|  |TAMS 0x00000000c7400000, 0x00000000c7400000| Untracked 
|  81|0x00000000c7500000, 0x00000000c7500000, 0x00000000c7600000|  0%| F|  |TAMS 0x00000000c7500000, 0x00000000c7500000| Untracked 
|  82|0x00000000c7600000, 0x00000000c7600000, 0x00000000c7700000|  0%| F|  |TAMS 0x00000000c7600000, 0x00000000c7600000| Untracked 
|  83|0x00000000c7700000, 0x00000000c7700000, 0x00000000c7800000|  0%| F|  |TAMS 0x00000000c7700000, 0x00000000c7700000| Untracked 
|  84|0x00000000c7800000, 0x00000000c7800000, 0x00000000c7900000|  0%| F|  |TAMS 0x00000000c7800000, 0x00000000c7800000| Untracked 
|  85|0x00000000c7900000, 0x00000000c7900000, 0x00000000c7a00000|  0%| F|  |TAMS 0x00000000c7900000, 0x00000000c7900000| Untracked 
|  86|0x00000000c7a00000, 0x00000000c7a00000, 0x00000000c7b00000|  0%| F|  |TAMS 0x00000000c7a00000, 0x00000000c7a00000| Untracked 
|  87|0x00000000c7b00000, 0x00000000c7b00000, 0x00000000c7c00000|  0%| F|  |TAMS 0x00000000c7b00000, 0x00000000c7b00000| Untracked 
|  88|0x00000000c7c00000, 0x00000000c7c00000, 0x00000000c7d00000|  0%| F|  |TAMS 0x00000000c7c00000, 0x00000000c7c00000| Untracked 
|  89|0x00000000c7d00000, 0x00000000c7d00000, 0x00000000c7e00000|  0%| F|  |TAMS 0x00000000c7d00000, 0x00000000c7d00000| Untracked 
|  90|0x00000000c7e00000, 0x00000000c7e00000, 0x00000000c7f00000|  0%| F|  |TAMS 0x00000000c7e00000, 0x00000000c7e00000| Untracked 
|  91|0x00000000c7f00000, 0x00000000c7f00000, 0x00000000c8000000|  0%| F|  |TAMS 0x00000000c7f00000, 0x00000000c7f00000| Untracked 
|  92|0x00000000c8000000, 0x00000000c8000000, 0x00000000c8100000|  0%| F|  |TAMS 0x00000000c8000000, 0x00000000c8000000| Untracked 
|  93|0x00000000c8100000, 0x00000000c8100000, 0x00000000c8200000|  0%| F|  |TAMS 0x00000000c8100000, 0x00000000c8100000| Untracked 
|  94|0x00000000c8200000, 0x00000000c8200000, 0x00000000c8300000|  0%| F|  |TAMS 0x00000000c8200000, 0x00000000c8200000| Untracked 
| 987|0x00000000fff00000, 0x0000000100000000, 0x0000000100000000|100%| O|  |TAMS 0x0000000100000000, 0x0000000100000000| Untracked 

Card table byte_map: [0x0000016d7f8b0000,0x0000016d7faa0000] _byte_map_base: 0x0000016d7f29e000

Marking Bits (Prev, Next): (CMBitMap*) 0x0000016d6d235c20, (CMBitMap*) 0x0000016d6d235be0
 Prev Bits: [0x0000016d00f70000, 0x0000016d01ee0000)
 Next Bits: [0x0000016d00000000, 0x0000016d00f70000)

Polling page: 0x0000016d6b360000

Metaspace:

Usage:
  Non-class:     58.38 MB used.
      Class:      7.58 MB used.
       Both:     65.96 MB used.

Virtual space:
  Non-class space:       64.00 MB reserved,      58.50 MB ( 91%) committed,  1 nodes.
      Class space:        1.00 GB reserved,       7.75 MB ( <1%) committed,  1 nodes.
             Both:        1.06 GB reserved,      66.25 MB (  6%) committed. 

Chunk freelists:
   Non-Class:  5.45 MB
       Class:  8.28 MB
        Both:  13.73 MB

MaxMetaspaceSize: unlimited
CompressedClassSpaceSize: 1.00 GB
Initial GC threshold: 21.00 MB
Current GC threshold: 98.69 MB
CDS: off
MetaspaceReclaimPolicy: balanced
 - commit_granule_bytes: 65536.
 - commit_granule_words: 8192.
 - virtual_space_node_default_size: 8388608.
 - enlarge_chunks_in_place: 1.
 - new_chunks_are_fully_committed: 0.
 - uncommit_free_chunks: 1.
 - use_allocation_guard: 0.
 - handle_deallocations: 1.


Internal statistics:

num_allocs_failed_limit: 3.
num_arena_births: 290.
num_arena_deaths: 0.
num_vsnodes_births: 2.
num_vsnodes_deaths: 0.
num_space_committed: 1058.
num_space_uncommitted: 0.
num_chunks_returned_to_freelist: 3.
num_chunks_taken_from_freelist: 2378.
num_chunk_merges: 3.
num_chunk_splits: 1966.
num_chunks_enlarged: 1764.
num_inconsistent_stats: 0.

CodeHeap 'non-profiled nmethods': size=120000Kb used=3317Kb max_used=3317Kb free=116682Kb
 bounds [0x0000016d78190000, 0x0000016d784d0000, 0x0000016d7f6c0000]
CodeHeap 'profiled nmethods': size=120000Kb used=21856Kb max_used=21856Kb free=98144Kb
 bounds [0x0000016d706c0000, 0x0000016d71c20000, 0x0000016d77bf0000]
CodeHeap 'non-nmethods': size=5760Kb used=1369Kb max_used=1424Kb free=4390Kb
 bounds [0x0000016d77bf0000, 0x0000016d77e60000, 0x0000016d78190000]
 total_blobs=8950 nmethods=8257 adapters=601
 compilation: enabled
              stopped_count=0, restarted_count=0
 full_count=0

Compilation events (20 events):
Event: 18.381 Thread 0x0000016d0435b090 9220       4       org.jetbrains.kotlin.ir.visitors.IrVisitorsKt::acceptChildrenVoid (24 bytes)
Event: 18.382 Thread 0x0000016d0435bb40 nmethod 9218 0x0000016d710c0d10 code [0x0000016d710c0f20, 0x0000016d710c1568]
Event: 18.382 Thread 0x0000016d0435bb40 9219       3       org.jetbrains.kotlin.psi2ir.generators.IrSyntheticDeclarationGenerator::visitExpression (6 bytes)
Event: 18.383 Thread 0x0000016d0435bb40 nmethod 9219 0x0000016d710bf310 code [0x0000016d710bf640, 0x0000016d710c0668]
Event: 18.384 Thread 0x0000016d0435b090 nmethod 9220 0x0000016d784ccf90 code [0x0000016d784cd120, 0x0000016d784cd218]
Event: 18.384 Thread 0x0000016d0435b090 9221       4       org.jetbrains.kotlin.ir.visitors.IrElementVisitorVoid$DefaultImpls::visitDeclaration (17 bytes)
Event: 18.384 Thread 0x0000016d0435bb40 9222       3       org.jetbrains.kotlin.types.TypeUtils::makeNullable (14 bytes)
Event: 18.385 Thread 0x0000016d0435bb40 nmethod 9222 0x0000016d71c0c810 code [0x0000016d71c0ca00, 0x0000016d71c0ce28]
Event: 18.385 Thread 0x0000016d0435b090 nmethod 9221 0x0000016d784cd390 code [0x0000016d784cd500, 0x0000016d784cd598]
Event: 18.385 Thread 0x0000016d0435bb40 9223       3       org.jetbrains.kotlin.ir.expressions.IrExpression::transform (25 bytes)
Event: 18.386 Thread 0x0000016d0435bb40 nmethod 9223 0x0000016d71c0cf90 code [0x0000016d71c0d220, 0x0000016d71c0ded8]
Event: 18.386 Thread 0x0000016d0435bb40 9226       3       org.jetbrains.kotlin.types.checker.ClassicTypeSystemContext$DefaultImpls::isStubTypeForBuilderInference (75 bytes)
Event: 18.387 Thread 0x0000016d0435bb40 nmethod 9226 0x0000016d71c0e310 code [0x0000016d71c0e680, 0x0000016d71c0f9c8]
Event: 18.387 Thread 0x0000016d0435bb40 9229       3       org.jetbrains.kotlin.types.typeUtil.TypeUtilsKt::isStubType (51 bytes)
Event: 18.388 Thread 0x0000016d0435bb40 nmethod 9229 0x0000016d71c10090 code [0x0000016d71c102c0, 0x0000016d71c10d18]
Event: 18.388 Thread 0x0000016d0435bb40 9227       3       org.jetbrains.kotlin.types.typeUtil.TypeUtilsKt::isStubTypeForBuilderInference (51 bytes)
Event: 18.389 Thread 0x0000016d0435bb40 nmethod 9227 0x0000016d71c10f90 code [0x0000016d71c111c0, 0x0000016d71c11c18]
Event: 18.389 Thread 0x0000016d0435bb40 9228       3       org.jetbrains.kotlin.types.AbstractTypeChecker::checkSubtypeForSpecialCases (779 bytes)
Event: 18.400 Thread 0x0000016d0435bb40 nmethod 9228 0x0000016d71c11e90 code [0x0000016d71c126a0, 0x0000016d71c17bd8]
Event: 18.400 Thread 0x0000016d0435bb40 9230       3       org.jetbrains.kotlin.types.checker.ClassicTypeSystemContext$DefaultImpls::isStubType (75 bytes)

GC Heap History (20 events):
Event: 6.323 GC heap after
{Heap after GC invocations=14 (full 0):
 garbage-first heap   total 50176K, used 26536K [0x00000000c2400000, 0x0000000100000000)
  region size 1024K, 1 young (1024K), 1 survivors (1024K)
 Metaspace       used 46580K, committed 46848K, reserved 1114112K
  class space    used 5662K, committed 5760K, reserved 1048576K
}
Event: 6.593 GC heap before
{Heap before GC invocations=15 (full 0):
 garbage-first heap   total 55296K, used 38824K [0x00000000c2400000, 0x0000000100000000)
  region size 1024K, 14 young (14336K), 1 survivors (1024K)
 Metaspace       used 47408K, committed 47680K, reserved 1114112K
  class space    used 5771K, committed 5888K, reserved 1048576K
}
Event: 6.598 GC heap after
{Heap after GC invocations=16 (full 0):
 garbage-first heap   total 55296K, used 26345K [0x00000000c2400000, 0x0000000100000000)
  region size 1024K, 2 young (2048K), 2 survivors (2048K)
 Metaspace       used 47408K, committed 47680K, reserved 1114112K
  class space    used 5771K, committed 5888K, reserved 1048576K
}
Event: 7.270 GC heap before
{Heap before GC invocations=16 (full 0):
 garbage-first heap   total 55296K, used 42729K [0x00000000c2400000, 0x0000000100000000)
  region size 1024K, 18 young (18432K), 2 survivors (2048K)
 Metaspace       used 49199K, committed 49472K, reserved 1114112K
  class space    used 5967K, committed 6080K, reserved 1048576K
}
Event: 7.287 GC heap after
{Heap after GC invocations=17 (full 0):
 garbage-first heap   total 98304K, used 29554K [0x00000000c2400000, 0x0000000100000000)
  region size 1024K, 3 young (3072K), 3 survivors (3072K)
 Metaspace       used 49199K, committed 49472K, reserved 1114112K
  class space    used 5967K, committed 6080K, reserved 1048576K
}
Event: 8.817 GC heap before
{Heap before GC invocations=18 (full 0):
 garbage-first heap   total 98304K, used 69490K [0x00000000c2400000, 0x0000000100000000)
  region size 1024K, 42 young (43008K), 3 survivors (3072K)
 Metaspace       used 52430K, committed 52672K, reserved 1114112K
  class space    used 6240K, committed 6336K, reserved 1048576K
}
Event: 8.849 GC heap after
{Heap after GC invocations=19 (full 0):
 garbage-first heap   total 98304K, used 35293K [0x00000000c2400000, 0x0000000100000000)
  region size 1024K, 6 young (6144K), 6 survivors (6144K)
 Metaspace       used 52430K, committed 52672K, reserved 1114112K
  class space    used 6240K, committed 6336K, reserved 1048576K
}
Event: 9.733 GC heap before
{Heap before GC invocations=19 (full 0):
 garbage-first heap   total 98304K, used 71133K [0x00000000c2400000, 0x0000000100000000)
  region size 1024K, 41 young (41984K), 6 survivors (6144K)
 Metaspace       used 53198K, committed 53440K, reserved 1114112K
  class space    used 6288K, committed 6400K, reserved 1048576K
}
Event: 9.773 GC heap after
{Heap after GC invocations=20 (full 0):
 garbage-first heap   total 98304K, used 41586K [0x00000000c2400000, 0x0000000100000000)
  region size 1024K, 6 young (6144K), 6 survivors (6144K)
 Metaspace       used 53198K, committed 53440K, reserved 1114112K
  class space    used 6288K, committed 6400K, reserved 1048576K
}
Event: 11.338 GC heap before
{Heap before GC invocations=20 (full 0):
 garbage-first heap   total 98304K, used 73330K [0x00000000c2400000, 0x0000000100000000)
  region size 1024K, 37 young (37888K), 6 survivors (6144K)
 Metaspace       used 56301K, committed 56576K, reserved 1114112K
  class space    used 6664K, committed 6784K, reserved 1048576K
}
Event: 11.370 GC heap after
{Heap after GC invocations=21 (full 0):
 garbage-first heap   total 98304K, used 45508K [0x00000000c2400000, 0x0000000100000000)
  region size 1024K, 4 young (4096K), 4 survivors (4096K)
 Metaspace       used 56301K, committed 56576K, reserved 1114112K
  class space    used 6664K, committed 6784K, reserved 1048576K
}
Event: 14.011 GC heap before
{Heap before GC invocations=21 (full 0):
 garbage-first heap   total 98304K, used 75204K [0x00000000c2400000, 0x0000000100000000)
  region size 1024K, 33 young (33792K), 4 survivors (4096K)
 Metaspace       used 60107K, committed 60352K, reserved 1114112K
  class space    used 7030K, committed 7104K, reserved 1048576K
}
Event: 14.037 GC heap after
{Heap after GC invocations=22 (full 0):
 garbage-first heap   total 98304K, used 49516K [0x00000000c2400000, 0x0000000100000000)
  region size 1024K, 4 young (4096K), 4 survivors (4096K)
 Metaspace       used 60107K, committed 60352K, reserved 1114112K
  class space    used 7030K, committed 7104K, reserved 1048576K
}
Event: 15.081 GC heap before
{Heap before GC invocations=22 (full 0):
 garbage-first heap   total 98304K, used 53612K [0x00000000c2400000, 0x0000000100000000)
  region size 1024K, 9 young (9216K), 4 survivors (4096K)
 Metaspace       used 60341K, committed 60608K, reserved 1114112K
  class space    used 7045K, committed 7168K, reserved 1048576K
}
Event: 15.096 GC heap after
{Heap after GC invocations=23 (full 0):
 garbage-first heap   total 98304K, used 50219K [0x00000000c2400000, 0x0000000100000000)
  region size 1024K, 1 young (1024K), 1 survivors (1024K)
 Metaspace       used 60341K, committed 60608K, reserved 1114112K
  class space    used 7045K, committed 7168K, reserved 1048576K
}
Event: 16.950 GC heap before
{Heap before GC invocations=24 (full 0):
 garbage-first heap   total 98304K, used 77867K [0x00000000c2400000, 0x0000000100000000)
  region size 1024K, 27 young (27648K), 1 survivors (1024K)
 Metaspace       used 64129K, committed 64448K, reserved 1114112K
  class space    used 7435K, committed 7616K, reserved 1048576K
}
Event: 16.967 GC heap after
{Heap after GC invocations=25 (full 0):
 garbage-first heap   total 98304K, used 52844K [0x00000000c2400000, 0x0000000100000000)
  region size 1024K, 4 young (4096K), 4 survivors (4096K)
 Metaspace       used 64129K, committed 64448K, reserved 1114112K
  class space    used 7435K, committed 7616K, reserved 1048576K
}
Event: 17.009 GC heap before
{Heap before GC invocations=25 (full 0):
 garbage-first heap   total 98304K, used 53868K [0x00000000c2400000, 0x0000000100000000)
  region size 1024K, 5 young (5120K), 4 survivors (4096K)
 Metaspace       used 64266K, committed 64576K, reserved 1114112K
  class space    used 7452K, committed 7616K, reserved 1048576K
}
Event: 17.027 GC heap after
{Heap after GC invocations=26 (full 0):
 garbage-first heap   total 98304K, used 52818K [0x00000000c2400000, 0x0000000100000000)
  region size 1024K, 1 young (1024K), 1 survivors (1024K)
 Metaspace       used 64266K, committed 64576K, reserved 1114112K
  class space    used 7452K, committed 7616K, reserved 1048576K
}
Event: 18.400 GC heap before
{Heap before GC invocations=26 (full 0):
 garbage-first heap   total 98304K, used 76370K [0x00000000c2400000, 0x0000000100000000)
  region size 1024K, 25 young (25600K), 1 survivors (1024K)
 Metaspace       used 67545K, committed 67840K, reserved 1114112K
  class space    used 7762K, committed 7936K, reserved 1048576K
}

Dll operation events (2 events):
Event: 0.016 Loaded shared library C:\Program Files\Android\Android Studio\jbr\bin\java.dll
Event: 2.777 Loaded shared library C:\Program Files\Android\Android Studio\jbr\bin\verify.dll

Deoptimization events (20 events):
Event: 17.720 Thread 0x0000016d6d1fb700 Uncommon trap: trap_request=0xffffffde fr.pc=0x0000016d78194518 relative=0x00000000000004b8
Event: 17.720 Thread 0x0000016d6d1fb700 Uncommon trap: reason=class_check action=maybe_recompile pc=0x0000016d78194518 method=kotlin.collections.CollectionsKt___CollectionsKt.toSet(Ljava/lang/Iterable;)Ljava/util/Set; @ 58 c2
Event: 17.720 Thread 0x0000016d6d1fb700 DEOPT PACKING pc=0x0000016d78194518 sp=0x00000027aa3fdac0
Event: 17.720 Thread 0x0000016d6d1fb700 DEOPT UNPACKING pc=0x0000016d77c469a3 sp=0x00000027aa3fdab0 mode 2
Event: 17.733 Thread 0x0000016d6d1fb700 Uncommon trap: trap_request=0xffffffde fr.pc=0x0000016d78194518 relative=0x00000000000004b8
Event: 17.733 Thread 0x0000016d6d1fb700 Uncommon trap: reason=class_check action=maybe_recompile pc=0x0000016d78194518 method=kotlin.collections.CollectionsKt___CollectionsKt.toSet(Ljava/lang/Iterable;)Ljava/util/Set; @ 58 c2
Event: 17.733 Thread 0x0000016d6d1fb700 DEOPT PACKING pc=0x0000016d78194518 sp=0x00000027aa3fd3a0
Event: 17.733 Thread 0x0000016d6d1fb700 DEOPT UNPACKING pc=0x0000016d77c469a3 sp=0x00000027aa3fd390 mode 2
Event: 17.733 Thread 0x0000016d6d1fb700 Uncommon trap: trap_request=0xffffffde fr.pc=0x0000016d78194518 relative=0x00000000000004b8
Event: 17.733 Thread 0x0000016d6d1fb700 Uncommon trap: reason=class_check action=maybe_recompile pc=0x0000016d78194518 method=kotlin.collections.CollectionsKt___CollectionsKt.toSet(Ljava/lang/Iterable;)Ljava/util/Set; @ 58 c2
Event: 17.733 Thread 0x0000016d6d1fb700 DEOPT PACKING pc=0x0000016d78194518 sp=0x00000027aa3fd730
Event: 17.733 Thread 0x0000016d6d1fb700 DEOPT UNPACKING pc=0x0000016d77c469a3 sp=0x00000027aa3fd720 mode 2
Event: 17.733 Thread 0x0000016d6d1fb700 Uncommon trap: trap_request=0xffffffde fr.pc=0x0000016d78194518 relative=0x00000000000004b8
Event: 17.733 Thread 0x0000016d6d1fb700 Uncommon trap: reason=class_check action=maybe_recompile pc=0x0000016d78194518 method=kotlin.collections.CollectionsKt___CollectionsKt.toSet(Ljava/lang/Iterable;)Ljava/util/Set; @ 58 c2
Event: 17.733 Thread 0x0000016d6d1fb700 DEOPT PACKING pc=0x0000016d78194518 sp=0x00000027aa3fdac0
Event: 17.733 Thread 0x0000016d6d1fb700 DEOPT UNPACKING pc=0x0000016d77c469a3 sp=0x00000027aa3fdab0 mode 2
Event: 18.182 Thread 0x0000016d6d1fb700 Uncommon trap: trap_request=0xffffff45 fr.pc=0x0000016d784bb860 relative=0x0000000000000060
Event: 18.182 Thread 0x0000016d6d1fb700 Uncommon trap: reason=unstable_if action=reinterpret pc=0x0000016d784bb860 method=org.jetbrains.kotlin.ir.symbols.impl.IrSymbolBase.getDescriptor()Lorg/jetbrains/kotlin/descriptors/DeclarationDescriptor; @ 5 c2
Event: 18.182 Thread 0x0000016d6d1fb700 DEOPT PACKING pc=0x0000016d784bb860 sp=0x00000027aa3fa1b0
Event: 18.182 Thread 0x0000016d6d1fb700 DEOPT UNPACKING pc=0x0000016d77c469a3 sp=0x00000027aa3fa148 mode 2

Classes unloaded (0 events):
No events

Classes redefined (0 events):
No events

Internal exceptions (20 events):
Event: 8.018 Thread 0x0000016d6d1fb700 Exception <a 'java/lang/NoSuchMethodError'{0x00000000c6c7bd00}: 'java.lang.Object java.lang.invoke.DirectMethodHandle$Holder.invokeStaticInit(java.lang.Object, java.lang.Object, java.lang.Object)'> (0x00000000c6c7bd00) 
thrown [s\src\hotspot\share\interpreter\linkResolver.cpp, line 771]
Event: 9.022 Thread 0x0000016d6d1fb700 Implicit null exception at 0x0000016d781dd46c to 0x0000016d781dd660
Event: 9.022 Thread 0x0000016d6d1fb700 Implicit null exception at 0x0000016d781ee68f to 0x0000016d781ee709
Event: 9.242 Thread 0x0000016d6d1fb700 Exception <a 'java/lang/NoSuchMethodError'{0x00000000c76bef50}: 'java.lang.Object java.lang.invoke.DirectMethodHandle$Holder.newInvokeSpecial(java.lang.Object, int, java.lang.Object)'> (0x00000000c76bef50) 
thrown [s\src\hotspot\share\interpreter\linkResolver.cpp, line 771]
Event: 9.245 Thread 0x0000016d6d1fb700 Exception <a 'java/lang/NoSuchMethodError'{0x00000000c76c55b0}: 'int java.lang.invoke.DirectMethodHandle$Holder.invokeInterface(java.lang.Object, java.lang.Object)'> (0x00000000c76c55b0) 
thrown [s\src\hotspot\share\interpreter\linkResolver.cpp, line 771]
Event: 10.068 Thread 0x0000016d6d1fb700 Implicit null exception at 0x0000016d782cc0cc to 0x0000016d782cc1c0
Event: 10.101 Thread 0x0000016d6d1fb700 Implicit null exception at 0x0000016d7825c394 to 0x0000016d7825c48c
Event: 10.102 Thread 0x0000016d6d1fb700 Implicit null exception at 0x0000016d781f7ce0 to 0x0000016d781f7d7a
Event: 10.197 Thread 0x0000016d6d1fb700 Exception <a 'java/lang/NoSuchMethodError'{0x00000000c6f4da50}: 'java.lang.Object java.lang.invoke.DirectMethodHandle$Holder.invokeInterface(java.lang.Object, java.lang.Object, java.lang.Object)'> (0x00000000c6f4da50) 
thrown [s\src\hotspot\share\interpreter\linkResolver.cpp, line 771]
Event: 10.197 Thread 0x0000016d6d1fb700 Exception <a 'java/lang/IncompatibleClassChangeError'{0x00000000c6f513c0}: Found class java.lang.Object, but interface was expected> (0x00000000c6f513c0) 
thrown [s\src\hotspot\share\interpreter\linkResolver.cpp, line 838]
Event: 11.462 Thread 0x0000016d6d1fb700 Exception <a 'java/lang/NoSuchMethodError'{0x00000000c82c5978}: 'java.lang.Object java.lang.invoke.DirectMethodHandle$Holder.newInvokeSpecial(java.lang.Object, java.lang.Object, java.lang.Object, java.lang.Object, java.lang.Object, java.lang.Object, java.lang.Object)'> (0x00000000c82c5978) 
thrown [s\src\hotspot\share\interpreter\linkResolver.cpp, line 771]
Event: 11.463 Thread 0x0000016d6d1fb700 Exception <a 'java/lang/NoSuchMethodError'{0x00000000c82caa80}: 'java.lang.Object java.lang.invoke.Invokers$Holder.linkToTargetMethod(java.lang.Object, java.lang.Object, java.lang.Object, java.lang.Object, java.lang.Object, java.lang.Object, java.lang.Object)'> (0x00000000c82caa80) 
thrown [s\src\hotspot\share\interpreter\linkResolver.cpp, line 771]
Event: 12.625 Thread 0x0000016d6d1fb700 Exception <a 'java/lang/NoSuchMethodError'{0x00000000c77491d0}: 'int java.lang.invoke.DirectMethodHandle$Holder.invokeStaticInit(java.lang.Object, int)'> (0x00000000c77491d0) 
thrown [s\src\hotspot\share\interpreter\linkResolver.cpp, line 771]
Event: 12.751 Thread 0x0000016d6d1fb700 Exception <a 'java/lang/NoSuchMethodError'{0x00000000c7675ae0}: 'java.lang.Object java.lang.invoke.DirectMethodHandle$Holder.invokeStatic(java.lang.Object, int, java.lang.Object)'> (0x00000000c7675ae0) 
thrown [s\src\hotspot\share\interpreter\linkResolver.cpp, line 771]
Event: 16.124 Thread 0x0000016d6d1fb700 Implicit null exception at 0x0000016d7822d96c to 0x0000016d7822db54
Event: 16.678 Thread 0x0000016d6d1fb700 Exception <a 'java/lang/NoSuchMethodError'{0x00000000c6e5a590}: 'java.lang.Object java.lang.invoke.DirectMethodHandle$Holder.invokeStaticInit(java.lang.Object, java.lang.Object, java.lang.Object, java.lang.Object)'> (0x00000000c6e5a590) 
thrown [s\src\hotspot\share\interpreter\linkResolver.cpp, line 771]
Event: 17.250 Thread 0x0000016d6d1fb700 Exception <a 'java/lang/NoSuchMethodError'{0x00000000c7aee360}: 'java.lang.Object java.lang.invoke.DirectMethodHandle$Holder.newInvokeSpecial(java.lang.Object, java.lang.Object, java.lang.Object, int, int)'> (0x00000000c7aee360) 
thrown [s\src\hotspot\share\interpreter\linkResolver.cpp, line 771]
Event: 17.251 Thread 0x0000016d6d1fb700 Exception <a 'java/lang/NoSuchMethodError'{0x00000000c7af21a0}: 'java.lang.Object java.lang.invoke.DirectMethodHandle$Holder.invokeSpecial(java.lang.Object, java.lang.Object, java.lang.Object, java.lang.Object, int, int)'> (0x00000000c7af21a0) 
thrown [s\src\hotspot\share\interpreter\linkResolver.cpp, line 771]
Event: 17.394 Thread 0x0000016d6d1fb700 Exception <a 'java/lang/NoSuchMethodError'{0x00000000c779e110}: 'java.lang.Object java.lang.invoke.DirectMethodHandle$Holder.invokeSpecial(java.lang.Object, java.lang.Object, int, int, java.lang.Object, java.lang.Object, java.lang.Object, java.lang.Object, java.lang.Object)'> (0x00000000c779e110) 
thrown [s\src\hotspot\share\interpreter\linkResolver.cpp, line 771]
Event: 17.450 Thread 0x0000016d6d1fb700 Exception <a 'java/lang/NoSuchMethodError'{0x00000000c7650f68}: 'java.lang.Object java.lang.invoke.DirectMethodHandle$Holder.newInvokeSpecial(java.lang.Object, int, java.lang.Object, java.lang.Object)'> (0x00000000c7650f68) 
thrown [s\src\hotspot\share\interpreter\linkResolver.cpp, line 771]

VM Operations (20 events):
Event: 17.450 Executing VM operation: HandshakeAllThreads done
Event: 17.489 Executing VM operation: HandshakeAllThreads
Event: 17.489 Executing VM operation: HandshakeAllThreads done
Event: 17.533 Executing VM operation: HandshakeAllThreads
Event: 17.533 Executing VM operation: HandshakeAllThreads done
Event: 17.584 Executing VM operation: ICBufferFull
Event: 17.584 Executing VM operation: ICBufferFull done
Event: 18.061 Executing VM operation: HandshakeAllThreads
Event: 18.061 Executing VM operation: HandshakeAllThreads done
Event: 18.105 Executing VM operation: ICBufferFull
Event: 18.106 Executing VM operation: ICBufferFull done
Event: 18.253 Executing VM operation: ICBufferFull
Event: 18.253 Executing VM operation: ICBufferFull done
Event: 18.340 Executing VM operation: HandshakeAllThreads
Event: 18.348 Executing VM operation: HandshakeAllThreads done
Event: 18.398 Executing VM operation: ICBufferFull
Event: 18.399 Executing VM operation: ICBufferFull done
Event: 18.400 Executing VM operation: HandshakeAllThreads
Event: 18.400 Executing VM operation: HandshakeAllThreads done
Event: 18.400 Executing VM operation: G1CollectForAllocation

Events (20 events):
Event: 16.699 loading class jdk/internal/math/FloatingDecimal$1 done
Event: 16.700 loading class jdk/internal/math/FloatingDecimal$PreparedASCIIToBinaryBuffer
Event: 16.700 loading class jdk/internal/math/FloatingDecimal$ASCIIToBinaryConverter
Event: 16.700 loading class jdk/internal/math/FloatingDecimal$ASCIIToBinaryConverter done
Event: 16.700 loading class jdk/internal/math/FloatingDecimal$PreparedASCIIToBinaryBuffer done
Event: 16.701 loading class jdk/internal/math/FloatingDecimal$ASCIIToBinaryBuffer
Event: 16.702 loading class jdk/internal/math/FloatingDecimal$ASCIIToBinaryBuffer done
Event: 16.724 loading class java/text/FieldPosition
Event: 16.724 loading class java/text/FieldPosition done
Event: 16.724 loading class java/util/Date
Event: 16.725 loading class java/util/Date done
Event: 16.725 loading class java/text/MessageFormat$Field
Event: 16.725 loading class java/text/Format$Field
Event: 16.725 loading class java/text/AttributedCharacterIterator$Attribute
Event: 16.726 loading class java/text/AttributedCharacterIterator$Attribute done
Event: 16.726 loading class java/text/Format$Field done
Event: 16.726 loading class java/text/MessageFormat$Field done
Event: 16.899 Thread 0x0000016d0435f560 flushing nmethod 0x0000016d783e8190
Event: 16.917 Thread 0x0000016d0435f560 flushing nmethod 0x0000016d71416110
Event: 18.373 Thread 0x0000016d0435f560 flushing nmethod 0x0000016d710bf310


Dynamic libraries:
0x00007ff610190000 - 0x00007ff61019a000 	C:\Program Files\Android\Android Studio\jbr\bin\java.exe
0x00007ffeaf6b0000 - 0x00007ffeaf8c7000 	C:\WINDOWS\SYSTEM32\ntdll.dll
0x00007ffeae510000 - 0x00007ffeae5d4000 	C:\WINDOWS\System32\KERNEL32.DLL
0x00007ffeac9f0000 - 0x00007ffeacd96000 	C:\WINDOWS\System32\KERNELBASE.dll
0x00007ffea9890000 - 0x00007ffea9927000 	C:\WINDOWS\SYSTEM32\apphelp.dll
0x00007ffead080000 - 0x00007ffead191000 	C:\WINDOWS\System32\ucrtbase.dll
0x00007ffe98190000 - 0x00007ffe981ab000 	C:\Program Files\Android\Android Studio\jbr\bin\VCRUNTIME140.dll
0x00007ffe98500000 - 0x00007ffe98517000 	C:\Program Files\Android\Android Studio\jbr\bin\jli.dll
0x00007ffeaeb20000 - 0x00007ffeaecce000 	C:\WINDOWS\System32\USER32.dll
0x00007ffeace60000 - 0x00007ffeace86000 	C:\WINDOWS\System32\win32u.dll
0x00007ffeaf040000 - 0x00007ffeaf069000 	C:\WINDOWS\System32\GDI32.dll
0x00007ffeacf60000 - 0x00007ffead078000 	C:\WINDOWS\System32\gdi32full.dll
0x00007ffeace90000 - 0x00007ffeacf2a000 	C:\WINDOWS\System32\msvcp_win.dll
0x00007ffe9a9f0000 - 0x00007ffe9ac83000 	C:\WINDOWS\WinSxS\amd64_microsoft.windows.common-controls_6595b64144ccf1df_6.0.22621.2506_none_270c5ae97388e100\COMCTL32.dll
0x00007ffeaf230000 - 0x00007ffeaf2d7000 	C:\WINDOWS\System32\msvcrt.dll
0x00007ffead4f0000 - 0x00007ffead521000 	C:\WINDOWS\System32\IMM32.DLL
0x00007ffea74a0000 - 0x00007ffea74ac000 	C:\Program Files\Android\Android Studio\jbr\bin\vcruntime140_1.dll
0x00007ffe886b0000 - 0x00007ffe8873d000 	C:\Program Files\Android\Android Studio\jbr\bin\msvcp140.dll
0x00007ffe60ee0000 - 0x00007ffe61b63000 	C:\Program Files\Android\Android Studio\jbr\bin\server\jvm.dll
0x00007ffeae5e0000 - 0x00007ffeae693000 	C:\WINDOWS\System32\ADVAPI32.dll
0x00007ffeaf180000 - 0x00007ffeaf228000 	C:\WINDOWS\System32\sechost.dll
0x00007ffeacf30000 - 0x00007ffeacf58000 	C:\WINDOWS\System32\bcrypt.dll
0x00007ffead7e0000 - 0x00007ffead8f7000 	C:\WINDOWS\System32\RPCRT4.dll
0x00007ffeac8c0000 - 0x00007ffeac90d000 	C:\WINDOWS\SYSTEM32\POWRPROF.dll
0x00007ffea46b0000 - 0x00007ffea46e4000 	C:\WINDOWS\SYSTEM32\WINMM.dll
0x00007ffe9e180000 - 0x00007ffe9e18a000 	C:\WINDOWS\SYSTEM32\VERSION.dll
0x00007ffe85790000 - 0x00007ffe85799000 	C:\WINDOWS\SYSTEM32\WSOCK32.dll
0x00007ffead530000 - 0x00007ffead5a1000 	C:\WINDOWS\System32\WS2_32.dll
0x00007ffeac8a0000 - 0x00007ffeac8b3000 	C:\WINDOWS\SYSTEM32\UMPDC.dll
0x00007ffeabda0000 - 0x00007ffeabdb8000 	C:\WINDOWS\SYSTEM32\kernel.appcore.dll
0x00007ffea9650000 - 0x00007ffea965a000 	C:\Program Files\Android\Android Studio\jbr\bin\jimage.dll
0x00007ffeaa200000 - 0x00007ffeaa433000 	C:\WINDOWS\SYSTEM32\DBGHELP.DLL
0x00007ffeaf2e0000 - 0x00007ffeaf669000 	C:\WINDOWS\System32\combase.dll
0x00007ffead5b0000 - 0x00007ffead687000 	C:\WINDOWS\System32\OLEAUT32.dll
0x00007ffe8ae30000 - 0x00007ffe8ae62000 	C:\WINDOWS\SYSTEM32\dbgcore.DLL
0x00007ffead310000 - 0x00007ffead38a000 	C:\WINDOWS\System32\bcryptPrimitives.dll
0x00007ffe98ec0000 - 0x00007ffe98ee5000 	C:\Program Files\Android\Android Studio\jbr\bin\java.dll
0x00007ffea7910000 - 0x00007ffea7928000 	C:\Program Files\Android\Android Studio\jbr\bin\zip.dll
0x00007ffead980000 - 0x00007ffeae1db000 	C:\WINDOWS\System32\SHELL32.dll
0x00007ffeaa930000 - 0x00007ffeab226000 	C:\WINDOWS\SYSTEM32\windows.storage.dll
0x00007ffeaa7f0000 - 0x00007ffeaa92e000 	C:\WINDOWS\SYSTEM32\wintypes.dll
0x00007ffead690000 - 0x00007ffead783000 	C:\WINDOWS\System32\SHCORE.dll
0x00007ffeaf120000 - 0x00007ffeaf17e000 	C:\WINDOWS\System32\shlwapi.dll
0x00007ffeac920000 - 0x00007ffeac946000 	C:\WINDOWS\SYSTEM32\profapi.dll
0x00007ffe98d50000 - 0x00007ffe98d69000 	C:\Program Files\Android\Android Studio\jbr\bin\net.dll
0x00007ffea5d10000 - 0x00007ffea5e47000 	C:\WINDOWS\SYSTEM32\WINHTTP.dll
0x00007ffeabeb0000 - 0x00007ffeabf19000 	C:\WINDOWS\system32\mswsock.dll
0x00007ffe98d30000 - 0x00007ffe98d46000 	C:\Program Files\Android\Android Studio\jbr\bin\nio.dll
0x00007ffe9ee30000 - 0x00007ffe9ee40000 	C:\Program Files\Android\Android Studio\jbr\bin\verify.dll

dbghelp: loaded successfully - version: 4.0.5 - missing functions: none
symbol engine: initialized successfully - sym options: 0x614 - pdb path: .;C:\Program Files\Android\Android Studio\jbr\bin;C:\WINDOWS\SYSTEM32;C:\WINDOWS\WinSxS\amd64_microsoft.windows.common-controls_6595b64144ccf1df_6.0.22621.2506_none_270c5ae97388e100;C:\Program Files\Android\Android Studio\jbr\bin\server

VM Arguments:
java_command: org.jetbrains.kotlin.cli.jvm.K2JVMCompiler @C:\Users\ASUS\AndroidStudioProjects\NewsApp\app\build\20240325_9209595270783905336.compiler.options
java_class_path (initial): C:\Users\ASUS\.gradle\caches\modules-2\files-2.1\org.jetbrains.kotlin\kotlin-compiler-embeddable\1.9.0\2c8c3a7402becca891f12739b3e9fd2dc2adbd7a\kotlin-compiler-embeddable-1.9.0.jar;C:\Users\ASUS\.gradle\caches\modules-2\files-2.1\org.jetbrains.kotlin\kotlin-stdlib\1.9.0\8ee15ef0c67dc83d874f412d84378d7f0eb50b63\kotlin-stdlib-1.9.0.jar;C:\Users\ASUS\.gradle\caches\modules-2\files-2.1\org.jetbrains.kotlin\kotlin-script-runtime\1.9.0\4b3102cbbb7e1b58d9d1adf89563f00069ffa7d1\kotlin-script-runtime-1.9.0.jar;C:\Users\ASUS\.gradle\caches\modules-2\files-2.1\org.jetbrains.kotlin\kotlin-reflect\1.6.10\1cbe9c92c12a94eea200d23c2bbaedaf3daf5132\kotlin-reflect-1.6.10.jar;C:\Users\ASUS\.gradle\caches\modules-2\files-2.1\org.jetbrains.kotlin\kotlin-daemon-embeddable\1.9.0\186543f5e28cf8d9a0290fecc2cf34301c40a65c\kotlin-daemon-embeddable-1.9.0.jar;C:\Users\ASUS\.gradle\caches\modules-2\files-2.1\org.jetbrains.intellij.deps\trove4j\1.0.20200330\3afb14d5f9ceb459d724e907a21145e8ff394f02\trove4j-1.0.20200330.jar;C:\Users\ASUS\.gradle\caches\modules-2\files-2.1\org.jetbrains.kotlin\kotlin-stdlib-common\1.9.0\cd65c21cfd1eec4d44ef09f9f52b6d9f8a720636\kotlin-stdlib-common-1.9.0.jar;C:\Users\ASUS\.gradle\caches\modules-2\files-2.1\org.jetbrains\annotations\13.0\919f0dfe192fb4e063e7dacadee7f8bb9a2672a9\annotations-13.0.jar
Launcher Type: SUN_STANDARD

[Global flags]
     intx CICompilerCount                          = 3                                         {product} {ergonomic}
     uint ConcGCThreads                            = 1                                         {product} {ergonomic}
     uint G1ConcRefinementThreads                  = 4                                         {product} {ergonomic}
   size_t G1HeapRegionSize                         = 1048576                                   {product} {ergonomic}
    uintx GCDrainStackTargetSize                   = 64                                        {product} {ergonomic}
   size_t InitialHeapSize                          = 65011712                                  {product} {ergonomic}
   size_t MarkStackSize                            = 4194304                                   {product} {ergonomic}
   size_t MaxHeapSize                              = 1035993088                                {product} {ergonomic}
   size_t MaxNewSize                               = 620756992                                 {product} {ergonomic}
   size_t MinHeapDeltaBytes                        = 1048576                                   {product} {ergonomic}
   size_t MinHeapSize                              = 8388608                                   {product} {ergonomic}
    uintx NonNMethodCodeHeapSize                   = 5832780                                {pd product} {ergonomic}
    uintx NonProfiledCodeHeapSize                  = 122912730                              {pd product} {ergonomic}
    uintx ProfiledCodeHeapSize                     = 122912730                              {pd product} {ergonomic}
    uintx ReservedCodeCacheSize                    = 251658240                              {pd product} {ergonomic}
     bool SegmentedCodeCache                       = true                                      {product} {ergonomic}
   size_t SoftMaxHeapSize                          = 1035993088                             {manageable} {ergonomic}
     bool UseCompressedClassPointers               = true                           {product lp64_product} {ergonomic}
     bool UseCompressedOops                        = true                           {product lp64_product} {ergonomic}
     bool UseG1GC                                  = true                                      {product} {ergonomic}
     bool UseLargePagesIndividualAllocation        = false                                  {pd product} {ergonomic}

Logging:
Log output configuration:
 #0: stdout all=warning uptime,level,tags
 #1: stderr all=off uptime,level,tags

Environment Variables:
PATH=C:\Program Files (x86)\Common Files\Oracle\Java\javapath;C:\WINDOWS\system32;C:\WINDOWS;C:\WINDOWS\System32\Wbem;C:\WINDOWS\System32\WindowsPowerShell\v1.0\;C:\WINDOWS\System32\OpenSSH\;C:\Users\ASUS\AppData\Local\Microsoft\WindowsApps;
USERNAME=ASUS
OS=Windows_NT
PROCESSOR_IDENTIFIER=Intel64 Family 6 Model 142 Stepping 12, GenuineIntel
TMP=C:\Users\ASUS\AppData\Local\Temp
TEMP=C:\Users\ASUS\AppData\Local\Temp



Periodic native trim disabled

JNI global refs:
JNI global refs: 10, weak refs: 14

JNI global refs memory usage: 843, weak refs: 841

OOME stack traces (most recent first):
Classloader memory used:
Loader jdk.internal.loader.ClassLoaders$AppClassLoader                                 : 7083K
Loader bootstrap                                                                       : 1345K
Loader jdk.internal.reflect.DelegatingClassLoader                                      : 14639B


---------------  S Y S T E M  ---------------

OS:
 Windows 11 , 64 bit Build 22621 (10.0.22621.3085)
OS uptime: 5 days 14:09 hours

CPU: total 4 (initial active 4) (2 cores per cpu, 2 threads per core) family 6 model 142 stepping 12 microcode 0xde, cx8, cmov, fxsr, ht, mmx, 3dnowpref, sse, sse2, sse3, ssse3, sse4.1, sse4.2, popcnt, lzcnt, tsc, tscinvbit, avx, avx2, aes, erms, clmul, bmi1, bmi2, adx, fma, vzeroupper, clflush, clflushopt
Processor Information for all 4 processors :
  Max Mhz: 2501, Current Mhz: 2501, Mhz Limit: 2501

Memory: 4k page, system-wide physical 3948M (379M free)
TotalPageFile size 16236M (AvailPageFile size 5M)
current process WorkingSet (physical memory assigned to process): 273M, peak: 274M
current process commit charge ("private bytes"): 305M, peak: 399M

vm_info: OpenJDK 64-Bit Server VM (17.0.9+0--11185874) for windows-amd64 JRE (17.0.9+0--11185874), built on Dec  6 2023 18:57:44 by "androidbuild" with MS VC++ 16.10 / 16.11 (VS2019)

END.
